2019-08-04 16:24:44,532 INFO [org.springframework.test.context.support.DefaultTestContextBootstrapper] - Loaded default TestExecutionListener class names from location [META-INF/spring.factories]: [org.springframework.test.context.web.ServletTestExecutionListener, org.springframework.test.context.support.DirtiesContextBeforeModesTestExecutionListener, org.springframework.test.context.support.DependencyInjectionTestExecutionListener, org.springframework.test.context.support.DirtiesContextTestExecutionListener, org.springframework.test.context.transaction.TransactionalTestExecutionListener, org.springframework.test.context.jdbc.SqlScriptsTestExecutionListener]
2019-08-04 16:24:44,766 INFO [org.springframework.test.context.support.DefaultTestContextBootstrapper] - Using TestExecutionListeners: [org.springframework.test.context.web.ServletTestExecutionListener@7dc7cbad, org.springframework.test.context.support.DirtiesContextBeforeModesTestExecutionListener@d2cc05a, org.springframework.test.context.support.DependencyInjectionTestExecutionListener@4f933fd1, org.springframework.test.context.support.DirtiesContextTestExecutionListener@548a9f61, org.springframework.test.context.transaction.TransactionalTestExecutionListener@1753acfe, org.springframework.test.context.jdbc.SqlScriptsTestExecutionListener@7c16905e]
2019-08-04 16:24:45,563 INFO [org.springframework.beans.factory.xml.XmlBeanDefinitionReader] - Loading XML bean definitions from class path resource [spring-context.xml]
2019-08-04 16:24:46,501 INFO [org.springframework.beans.factory.xml.XmlBeanDefinitionReader] - Loading XML bean definitions from class path resource [spring-context-druid.xml]
2019-08-04 16:24:46,579 INFO [org.springframework.beans.factory.xml.XmlBeanDefinitionReader] - Loading XML bean definitions from class path resource [spring-context-mybatis.xml]
2019-08-04 16:24:46,610 INFO [org.springframework.context.support.GenericApplicationContext] - Refreshing org.springframework.context.support.GenericApplicationContext@490ab905: startup date [Sun Aug 04 16:24:46 CST 2019]; root of context hierarchy
2019-08-04 16:24:48,579 INFO [com.alibaba.druid.pool.DruidDataSource] - {dataSource-1} inited
2019-08-04 16:24:49,704 INFO [org.springframework.context.support.GenericApplicationContext] - Closing org.springframework.context.support.GenericApplicationContext@490ab905: startup date [Sun Aug 04 16:24:46 CST 2019]; root of context hierarchy
2019-08-04 16:24:49,719 INFO [com.alibaba.druid.pool.DruidDataSource] - {dataSource-1} closed
2019-08-04 16:26:21,324 INFO [org.springframework.test.context.support.DefaultTestContextBootstrapper] - Loaded default TestExecutionListener class names from location [META-INF/spring.factories]: [org.springframework.test.context.web.ServletTestExecutionListener, org.springframework.test.context.support.DirtiesContextBeforeModesTestExecutionListener, org.springframework.test.context.support.DependencyInjectionTestExecutionListener, org.springframework.test.context.support.DirtiesContextTestExecutionListener, org.springframework.test.context.transaction.TransactionalTestExecutionListener, org.springframework.test.context.jdbc.SqlScriptsTestExecutionListener]
2019-08-04 16:26:21,386 INFO [org.springframework.test.context.support.DefaultTestContextBootstrapper] - Using TestExecutionListeners: [org.springframework.test.context.web.ServletTestExecutionListener@7dc7cbad, org.springframework.test.context.support.DirtiesContextBeforeModesTestExecutionListener@d2cc05a, org.springframework.test.context.support.DependencyInjectionTestExecutionListener@4f933fd1, org.springframework.test.context.support.DirtiesContextTestExecutionListener@548a9f61, org.springframework.test.context.transaction.TransactionalTestExecutionListener@1753acfe, org.springframework.test.context.jdbc.SqlScriptsTestExecutionListener@7c16905e]
2019-08-04 16:26:21,605 INFO [org.springframework.beans.factory.xml.XmlBeanDefinitionReader] - Loading XML bean definitions from class path resource [spring-context.xml]
2019-08-04 16:26:22,136 INFO [org.springframework.beans.factory.xml.XmlBeanDefinitionReader] - Loading XML bean definitions from class path resource [spring-context-druid.xml]
2019-08-04 16:26:22,245 INFO [org.springframework.beans.factory.xml.XmlBeanDefinitionReader] - Loading XML bean definitions from class path resource [spring-context-mybatis.xml]
2019-08-04 16:26:22,292 INFO [org.springframework.context.support.GenericApplicationContext] - Refreshing org.springframework.context.support.GenericApplicationContext@490ab905: startup date [Sun Aug 04 16:26:22 CST 2019]; root of context hierarchy
2019-08-04 16:26:24,589 INFO [com.alibaba.druid.pool.DruidDataSource] - {dataSource-1} inited
2019-08-04 16:26:25,667 INFO [org.springframework.context.support.GenericApplicationContext] - Closing org.springframework.context.support.GenericApplicationContext@490ab905: startup date [Sun Aug 04 16:26:22 CST 2019]; root of context hierarchy
2019-08-04 16:26:25,683 INFO [com.alibaba.druid.pool.DruidDataSource] - {dataSource-1} closed
2019-08-04 16:27:00,623 INFO [org.springframework.test.context.support.DefaultTestContextBootstrapper] - Loaded default TestExecutionListener class names from location [META-INF/spring.factories]: [org.springframework.test.context.web.ServletTestExecutionListener, org.springframework.test.context.support.DirtiesContextBeforeModesTestExecutionListener, org.springframework.test.context.support.DependencyInjectionTestExecutionListener, org.springframework.test.context.support.DirtiesContextTestExecutionListener, org.springframework.test.context.transaction.TransactionalTestExecutionListener, org.springframework.test.context.jdbc.SqlScriptsTestExecutionListener]
2019-08-04 16:27:00,670 INFO [org.springframework.test.context.support.DefaultTestContextBootstrapper] - Using TestExecutionListeners: [org.springframework.test.context.web.ServletTestExecutionListener@7dc7cbad, org.springframework.test.context.support.DirtiesContextBeforeModesTestExecutionListener@d2cc05a, org.springframework.test.context.support.DependencyInjectionTestExecutionListener@4f933fd1, org.springframework.test.context.support.DirtiesContextTestExecutionListener@548a9f61, org.springframework.test.context.transaction.TransactionalTestExecutionListener@1753acfe, org.springframework.test.context.jdbc.SqlScriptsTestExecutionListener@7c16905e]
2019-08-04 16:27:00,888 INFO [org.springframework.beans.factory.xml.XmlBeanDefinitionReader] - Loading XML bean definitions from class path resource [spring-context.xml]
2019-08-04 16:27:01,467 INFO [org.springframework.beans.factory.xml.XmlBeanDefinitionReader] - Loading XML bean definitions from class path resource [spring-context-druid.xml]
2019-08-04 16:27:01,545 INFO [org.springframework.beans.factory.xml.XmlBeanDefinitionReader] - Loading XML bean definitions from class path resource [spring-context-mybatis.xml]
2019-08-04 16:27:01,638 INFO [org.springframework.context.support.GenericApplicationContext] - Refreshing org.springframework.context.support.GenericApplicationContext@490ab905: startup date [Sun Aug 04 16:27:01 CST 2019]; root of context hierarchy
2019-08-04 16:27:03,826 INFO [com.alibaba.druid.pool.DruidDataSource] - {dataSource-1} inited
2019-08-04 16:27:04,857 INFO [org.springframework.context.support.GenericApplicationContext] - Closing org.springframework.context.support.GenericApplicationContext@490ab905: startup date [Sun Aug 04 16:27:01 CST 2019]; root of context hierarchy
2019-08-04 16:27:04,873 INFO [com.alibaba.druid.pool.DruidDataSource] - {dataSource-1} closed
2019-08-04 16:35:01,836 INFO [org.springframework.test.context.support.DefaultTestContextBootstrapper] - Loaded default TestExecutionListener class names from location [META-INF/spring.factories]: [org.springframework.test.context.web.ServletTestExecutionListener, org.springframework.test.context.support.DirtiesContextBeforeModesTestExecutionListener, org.springframework.test.context.support.DependencyInjectionTestExecutionListener, org.springframework.test.context.support.DirtiesContextTestExecutionListener, org.springframework.test.context.transaction.TransactionalTestExecutionListener, org.springframework.test.context.jdbc.SqlScriptsTestExecutionListener]
2019-08-04 16:35:01,898 INFO [org.springframework.test.context.support.DefaultTestContextBootstrapper] - Using TestExecutionListeners: [org.springframework.test.context.web.ServletTestExecutionListener@7dc7cbad, org.springframework.test.context.support.DirtiesContextBeforeModesTestExecutionListener@d2cc05a, org.springframework.test.context.support.DependencyInjectionTestExecutionListener@4f933fd1, org.springframework.test.context.support.DirtiesContextTestExecutionListener@548a9f61, org.springframework.test.context.transaction.TransactionalTestExecutionListener@1753acfe, org.springframework.test.context.jdbc.SqlScriptsTestExecutionListener@7c16905e]
2019-08-04 16:35:02,102 INFO [org.springframework.beans.factory.xml.XmlBeanDefinitionReader] - Loading XML bean definitions from class path resource [spring-context.xml]
2019-08-04 16:35:02,680 INFO [org.springframework.beans.factory.xml.XmlBeanDefinitionReader] - Loading XML bean definitions from class path resource [spring-context-druid.xml]
2019-08-04 16:35:02,758 INFO [org.springframework.beans.factory.xml.XmlBeanDefinitionReader] - Loading XML bean definitions from class path resource [spring-context-mybatis.xml]
2019-08-04 16:35:02,805 INFO [org.springframework.context.support.GenericApplicationContext] - Refreshing org.springframework.context.support.GenericApplicationContext@490ab905: startup date [Sun Aug 04 16:35:02 CST 2019]; root of context hierarchy
2019-08-04 16:35:04,945 INFO [com.alibaba.druid.pool.DruidDataSource] - {dataSource-1} inited
2019-08-04 16:35:06,055 INFO [org.springframework.context.support.GenericApplicationContext] - Closing org.springframework.context.support.GenericApplicationContext@490ab905: startup date [Sun Aug 04 16:35:02 CST 2019]; root of context hierarchy
2019-08-04 16:35:06,070 INFO [com.alibaba.druid.pool.DruidDataSource] - {dataSource-1} closed
2019-08-04 16:40:39,110 INFO [org.springframework.test.context.support.DefaultTestContextBootstrapper] - Loaded default TestExecutionListener class names from location [META-INF/spring.factories]: [org.springframework.test.context.web.ServletTestExecutionListener, org.springframework.test.context.support.DirtiesContextBeforeModesTestExecutionListener, org.springframework.test.context.support.DependencyInjectionTestExecutionListener, org.springframework.test.context.support.DirtiesContextTestExecutionListener, org.springframework.test.context.transaction.TransactionalTestExecutionListener, org.springframework.test.context.jdbc.SqlScriptsTestExecutionListener]
2019-08-04 16:40:39,157 INFO [org.springframework.test.context.support.DefaultTestContextBootstrapper] - Using TestExecutionListeners: [org.springframework.test.context.web.ServletTestExecutionListener@7dc7cbad, org.springframework.test.context.support.DirtiesContextBeforeModesTestExecutionListener@d2cc05a, org.springframework.test.context.support.DependencyInjectionTestExecutionListener@4f933fd1, org.springframework.test.context.support.DirtiesContextTestExecutionListener@548a9f61, org.springframework.test.context.transaction.TransactionalTestExecutionListener@1753acfe, org.springframework.test.context.jdbc.SqlScriptsTestExecutionListener@7c16905e]
2019-08-04 16:40:39,407 INFO [org.springframework.beans.factory.xml.XmlBeanDefinitionReader] - Loading XML bean definitions from class path resource [spring-context.xml]
2019-08-04 16:40:39,970 INFO [org.springframework.beans.factory.xml.XmlBeanDefinitionReader] - Loading XML bean definitions from class path resource [spring-context-druid.xml]
2019-08-04 16:40:40,079 INFO [org.springframework.beans.factory.xml.XmlBeanDefinitionReader] - Loading XML bean definitions from class path resource [spring-context-mybatis.xml]
2019-08-04 16:40:40,126 INFO [org.springframework.context.support.GenericApplicationContext] - Refreshing org.springframework.context.support.GenericApplicationContext@490ab905: startup date [Sun Aug 04 16:40:40 CST 2019]; root of context hierarchy
2019-08-04 16:40:42,344 INFO [com.alibaba.druid.pool.DruidDataSource] - {dataSource-1} inited
2019-08-04 16:40:43,251 INFO [org.springframework.context.support.GenericApplicationContext] - Closing org.springframework.context.support.GenericApplicationContext@490ab905: startup date [Sun Aug 04 16:40:40 CST 2019]; root of context hierarchy
2019-08-04 16:40:43,266 INFO [com.alibaba.druid.pool.DruidDataSource] - {dataSource-1} closed
2019-08-04 16:41:33,938 INFO [org.springframework.test.context.support.DefaultTestContextBootstrapper] - Loaded default TestExecutionListener class names from location [META-INF/spring.factories]: [org.springframework.test.context.web.ServletTestExecutionListener, org.springframework.test.context.support.DirtiesContextBeforeModesTestExecutionListener, org.springframework.test.context.support.DependencyInjectionTestExecutionListener, org.springframework.test.context.support.DirtiesContextTestExecutionListener, org.springframework.test.context.transaction.TransactionalTestExecutionListener, org.springframework.test.context.jdbc.SqlScriptsTestExecutionListener]
2019-08-04 16:41:34,001 INFO [org.springframework.test.context.support.DefaultTestContextBootstrapper] - Using TestExecutionListeners: [org.springframework.test.context.web.ServletTestExecutionListener@7dc7cbad, org.springframework.test.context.support.DirtiesContextBeforeModesTestExecutionListener@d2cc05a, org.springframework.test.context.support.DependencyInjectionTestExecutionListener@4f933fd1, org.springframework.test.context.support.DirtiesContextTestExecutionListener@548a9f61, org.springframework.test.context.transaction.TransactionalTestExecutionListener@1753acfe, org.springframework.test.context.jdbc.SqlScriptsTestExecutionListener@7c16905e]
2019-08-04 16:41:34,219 INFO [org.springframework.beans.factory.xml.XmlBeanDefinitionReader] - Loading XML bean definitions from class path resource [spring-context.xml]
2019-08-04 16:41:34,782 INFO [org.springframework.beans.factory.xml.XmlBeanDefinitionReader] - Loading XML bean definitions from class path resource [spring-context-druid.xml]
2019-08-04 16:41:34,922 INFO [org.springframework.beans.factory.xml.XmlBeanDefinitionReader] - Loading XML bean definitions from class path resource [spring-context-mybatis.xml]
2019-08-04 16:41:34,985 INFO [org.springframework.context.support.GenericApplicationContext] - Refreshing org.springframework.context.support.GenericApplicationContext@490ab905: startup date [Sun Aug 04 16:41:34 CST 2019]; root of context hierarchy
2019-08-04 16:41:37,188 INFO [com.alibaba.druid.pool.DruidDataSource] - {dataSource-1} inited
2019-08-04 16:41:38,438 INFO [org.springframework.context.support.GenericApplicationContext] - Closing org.springframework.context.support.GenericApplicationContext@490ab905: startup date [Sun Aug 04 16:41:34 CST 2019]; root of context hierarchy
2019-08-04 16:41:38,454 INFO [com.alibaba.druid.pool.DruidDataSource] - {dataSource-1} closed
2019-08-04 16:44:07,839 INFO [org.springframework.test.context.support.DefaultTestContextBootstrapper] - Loaded default TestExecutionListener class names from location [META-INF/spring.factories]: [org.springframework.test.context.web.ServletTestExecutionListener, org.springframework.test.context.support.DirtiesContextBeforeModesTestExecutionListener, org.springframework.test.context.support.DependencyInjectionTestExecutionListener, org.springframework.test.context.support.DirtiesContextTestExecutionListener, org.springframework.test.context.transaction.TransactionalTestExecutionListener, org.springframework.test.context.jdbc.SqlScriptsTestExecutionListener]
2019-08-04 16:44:07,908 INFO [org.springframework.test.context.support.DefaultTestContextBootstrapper] - Using TestExecutionListeners: [org.springframework.test.context.web.ServletTestExecutionListener@7dc7cbad, org.springframework.test.context.support.DirtiesContextBeforeModesTestExecutionListener@d2cc05a, org.springframework.test.context.support.DependencyInjectionTestExecutionListener@4f933fd1, org.springframework.test.context.support.DirtiesContextTestExecutionListener@548a9f61, org.springframework.test.context.transaction.TransactionalTestExecutionListener@1753acfe, org.springframework.test.context.jdbc.SqlScriptsTestExecutionListener@7c16905e]
2019-08-04 16:44:08,272 INFO [org.springframework.beans.factory.xml.XmlBeanDefinitionReader] - Loading XML bean definitions from class path resource [spring-context.xml]
2019-08-04 16:44:09,052 INFO [org.springframework.beans.factory.xml.XmlBeanDefinitionReader] - Loading XML bean definitions from class path resource [spring-context-druid.xml]
2019-08-04 16:44:09,347 INFO [org.springframework.beans.factory.xml.XmlBeanDefinitionReader] - Loading XML bean definitions from class path resource [spring-context-mybatis.xml]
2019-08-04 16:44:09,440 INFO [org.springframework.context.support.GenericApplicationContext] - Refreshing org.springframework.context.support.GenericApplicationContext@490ab905: startup date [Sun Aug 04 16:44:09 CST 2019]; root of context hierarchy
2019-08-04 16:44:12,278 INFO [com.alibaba.druid.pool.DruidDataSource] - {dataSource-1} inited
2019-08-04 16:44:13,208 INFO [org.springframework.context.support.GenericApplicationContext] - Closing org.springframework.context.support.GenericApplicationContext@490ab905: startup date [Sun Aug 04 16:44:09 CST 2019]; root of context hierarchy
2019-08-04 16:44:13,218 INFO [com.alibaba.druid.pool.DruidDataSource] - {dataSource-1} closed
2019-08-04 16:46:46,507 INFO [org.springframework.test.context.support.DefaultTestContextBootstrapper] - Loaded default TestExecutionListener class names from location [META-INF/spring.factories]: [org.springframework.test.context.web.ServletTestExecutionListener, org.springframework.test.context.support.DirtiesContextBeforeModesTestExecutionListener, org.springframework.test.context.support.DependencyInjectionTestExecutionListener, org.springframework.test.context.support.DirtiesContextTestExecutionListener, org.springframework.test.context.transaction.TransactionalTestExecutionListener, org.springframework.test.context.jdbc.SqlScriptsTestExecutionListener]
2019-08-04 16:46:46,571 INFO [org.springframework.test.context.support.DefaultTestContextBootstrapper] - Using TestExecutionListeners: [org.springframework.test.context.web.ServletTestExecutionListener@7dc7cbad, org.springframework.test.context.support.DirtiesContextBeforeModesTestExecutionListener@d2cc05a, org.springframework.test.context.support.DependencyInjectionTestExecutionListener@4f933fd1, org.springframework.test.context.support.DirtiesContextTestExecutionListener@548a9f61, org.springframework.test.context.transaction.TransactionalTestExecutionListener@1753acfe, org.springframework.test.context.jdbc.SqlScriptsTestExecutionListener@7c16905e]
2019-08-04 16:46:46,827 INFO [org.springframework.beans.factory.xml.XmlBeanDefinitionReader] - Loading XML bean definitions from class path resource [spring-context.xml]
2019-08-04 16:46:47,421 INFO [org.springframework.beans.factory.xml.XmlBeanDefinitionReader] - Loading XML bean definitions from class path resource [spring-context-druid.xml]
2019-08-04 16:46:47,580 INFO [org.springframework.beans.factory.xml.XmlBeanDefinitionReader] - Loading XML bean definitions from class path resource [spring-context-mybatis.xml]
2019-08-04 16:46:47,688 INFO [org.springframework.context.support.GenericApplicationContext] - Refreshing org.springframework.context.support.GenericApplicationContext@490ab905: startup date [Sun Aug 04 16:46:47 CST 2019]; root of context hierarchy
2019-08-04 16:46:50,429 INFO [com.alibaba.druid.pool.DruidDataSource] - {dataSource-1} inited
2019-08-04 16:46:51,507 INFO [org.springframework.context.support.GenericApplicationContext] - Closing org.springframework.context.support.GenericApplicationContext@490ab905: startup date [Sun Aug 04 16:46:47 CST 2019]; root of context hierarchy
2019-08-04 16:46:51,518 INFO [com.alibaba.druid.pool.DruidDataSource] - {dataSource-1} closed
2019-08-04 17:02:31,242 INFO [org.springframework.test.context.support.DefaultTestContextBootstrapper] - Loaded default TestExecutionListener class names from location [META-INF/spring.factories]: [org.springframework.test.context.web.ServletTestExecutionListener, org.springframework.test.context.support.DirtiesContextBeforeModesTestExecutionListener, org.springframework.test.context.support.DependencyInjectionTestExecutionListener, org.springframework.test.context.support.DirtiesContextTestExecutionListener, org.springframework.test.context.transaction.TransactionalTestExecutionListener, org.springframework.test.context.jdbc.SqlScriptsTestExecutionListener]
2019-08-04 17:02:31,304 INFO [org.springframework.test.context.support.DefaultTestContextBootstrapper] - Using TestExecutionListeners: [org.springframework.test.context.web.ServletTestExecutionListener@7dc7cbad, org.springframework.test.context.support.DirtiesContextBeforeModesTestExecutionListener@d2cc05a, org.springframework.test.context.support.DependencyInjectionTestExecutionListener@4f933fd1, org.springframework.test.context.support.DirtiesContextTestExecutionListener@548a9f61, org.springframework.test.context.transaction.TransactionalTestExecutionListener@1753acfe, org.springframework.test.context.jdbc.SqlScriptsTestExecutionListener@7c16905e]
2019-08-04 17:02:31,554 INFO [org.springframework.beans.factory.xml.XmlBeanDefinitionReader] - Loading XML bean definitions from class path resource [spring-context.xml]
2019-08-04 17:02:32,164 INFO [org.springframework.beans.factory.xml.XmlBeanDefinitionReader] - Loading XML bean definitions from class path resource [spring-context-druid.xml]
2019-08-04 17:02:32,273 INFO [org.springframework.beans.factory.xml.XmlBeanDefinitionReader] - Loading XML bean definitions from class path resource [spring-context-mybatis.xml]
2019-08-04 17:02:32,320 INFO [org.springframework.context.support.GenericApplicationContext] - Refreshing org.springframework.context.support.GenericApplicationContext@490ab905: startup date [Sun Aug 04 17:02:32 CST 2019]; root of context hierarchy
2019-08-04 17:02:34,711 INFO [com.alibaba.druid.pool.DruidDataSource] - {dataSource-1} inited
2019-08-04 17:02:36,367 INFO [org.springframework.context.support.GenericApplicationContext] - Closing org.springframework.context.support.GenericApplicationContext@490ab905: startup date [Sun Aug 04 17:02:32 CST 2019]; root of context hierarchy
2019-08-04 17:02:36,382 INFO [com.alibaba.druid.pool.DruidDataSource] - {dataSource-1} closed
2019-08-04 17:14:20,817 INFO [org.springframework.test.context.support.DefaultTestContextBootstrapper] - Loaded default TestExecutionListener class names from location [META-INF/spring.factories]: [org.springframework.test.context.web.ServletTestExecutionListener, org.springframework.test.context.support.DirtiesContextBeforeModesTestExecutionListener, org.springframework.test.context.support.DependencyInjectionTestExecutionListener, org.springframework.test.context.support.DirtiesContextTestExecutionListener, org.springframework.test.context.transaction.TransactionalTestExecutionListener, org.springframework.test.context.jdbc.SqlScriptsTestExecutionListener]
2019-08-04 17:14:20,864 INFO [org.springframework.test.context.support.DefaultTestContextBootstrapper] - Using TestExecutionListeners: [org.springframework.test.context.web.ServletTestExecutionListener@7dc7cbad, org.springframework.test.context.support.DirtiesContextBeforeModesTestExecutionListener@d2cc05a, org.springframework.test.context.support.DependencyInjectionTestExecutionListener@4f933fd1, org.springframework.test.context.support.DirtiesContextTestExecutionListener@548a9f61, org.springframework.test.context.transaction.TransactionalTestExecutionListener@1753acfe, org.springframework.test.context.jdbc.SqlScriptsTestExecutionListener@7c16905e]
2019-08-04 17:14:21,102 INFO [org.springframework.beans.factory.xml.XmlBeanDefinitionReader] - Loading XML bean definitions from class path resource [spring-context.xml]
2019-08-04 17:14:21,698 INFO [org.springframework.beans.factory.xml.XmlBeanDefinitionReader] - Loading XML bean definitions from class path resource [spring-context-druid.xml]
2019-08-04 17:14:21,776 INFO [org.springframework.beans.factory.xml.XmlBeanDefinitionReader] - Loading XML bean definitions from class path resource [spring-context-mybatis.xml]
2019-08-04 17:14:21,841 INFO [org.springframework.context.support.GenericApplicationContext] - Refreshing org.springframework.context.support.GenericApplicationContext@490ab905: startup date [Sun Aug 04 17:14:21 CST 2019]; root of context hierarchy
2019-08-04 17:14:24,072 INFO [com.alibaba.druid.pool.DruidDataSource] - {dataSource-1} inited
2019-08-04 17:14:25,416 INFO [org.springframework.context.support.GenericApplicationContext] - Closing org.springframework.context.support.GenericApplicationContext@490ab905: startup date [Sun Aug 04 17:14:21 CST 2019]; root of context hierarchy
2019-08-04 17:14:25,426 INFO [com.alibaba.druid.pool.DruidDataSource] - {dataSource-1} closed
2019-08-04 17:14:46,461 INFO [org.springframework.test.context.support.DefaultTestContextBootstrapper] - Loaded default TestExecutionListener class names from location [META-INF/spring.factories]: [org.springframework.test.context.web.ServletTestExecutionListener, org.springframework.test.context.support.DirtiesContextBeforeModesTestExecutionListener, org.springframework.test.context.support.DependencyInjectionTestExecutionListener, org.springframework.test.context.support.DirtiesContextTestExecutionListener, org.springframework.test.context.transaction.TransactionalTestExecutionListener, org.springframework.test.context.jdbc.SqlScriptsTestExecutionListener]
2019-08-04 17:14:46,515 INFO [org.springframework.test.context.support.DefaultTestContextBootstrapper] - Using TestExecutionListeners: [org.springframework.test.context.web.ServletTestExecutionListener@7dc7cbad, org.springframework.test.context.support.DirtiesContextBeforeModesTestExecutionListener@d2cc05a, org.springframework.test.context.support.DependencyInjectionTestExecutionListener@4f933fd1, org.springframework.test.context.support.DirtiesContextTestExecutionListener@548a9f61, org.springframework.test.context.transaction.TransactionalTestExecutionListener@1753acfe, org.springframework.test.context.jdbc.SqlScriptsTestExecutionListener@7c16905e]
2019-08-04 17:14:46,731 INFO [org.springframework.beans.factory.xml.XmlBeanDefinitionReader] - Loading XML bean definitions from class path resource [spring-context.xml]
2019-08-04 17:14:47,364 INFO [org.springframework.beans.factory.xml.XmlBeanDefinitionReader] - Loading XML bean definitions from class path resource [spring-context-druid.xml]
2019-08-04 17:14:47,465 INFO [org.springframework.beans.factory.xml.XmlBeanDefinitionReader] - Loading XML bean definitions from class path resource [spring-context-mybatis.xml]
2019-08-04 17:14:47,506 INFO [org.springframework.context.support.GenericApplicationContext] - Refreshing org.springframework.context.support.GenericApplicationContext@490ab905: startup date [Sun Aug 04 17:14:47 CST 2019]; root of context hierarchy
2019-08-04 17:14:49,853 INFO [com.alibaba.druid.pool.DruidDataSource] - {dataSource-1} inited
2019-08-04 17:14:50,683 INFO [org.springframework.context.support.GenericApplicationContext] - Closing org.springframework.context.support.GenericApplicationContext@490ab905: startup date [Sun Aug 04 17:14:47 CST 2019]; root of context hierarchy
2019-08-04 17:14:50,683 INFO [com.alibaba.druid.pool.DruidDataSource] - {dataSource-1} closed
2019-08-04 17:35:32,903 INFO [org.springframework.test.context.support.DefaultTestContextBootstrapper] - Loaded default TestExecutionListener class names from location [META-INF/spring.factories]: [org.springframework.test.context.web.ServletTestExecutionListener, org.springframework.test.context.support.DirtiesContextBeforeModesTestExecutionListener, org.springframework.test.context.support.DependencyInjectionTestExecutionListener, org.springframework.test.context.support.DirtiesContextTestExecutionListener, org.springframework.test.context.transaction.TransactionalTestExecutionListener, org.springframework.test.context.jdbc.SqlScriptsTestExecutionListener]
2019-08-04 17:35:32,966 INFO [org.springframework.test.context.support.DefaultTestContextBootstrapper] - Using TestExecutionListeners: [org.springframework.test.context.web.ServletTestExecutionListener@7dc7cbad, org.springframework.test.context.support.DirtiesContextBeforeModesTestExecutionListener@d2cc05a, org.springframework.test.context.support.DependencyInjectionTestExecutionListener@4f933fd1, org.springframework.test.context.support.DirtiesContextTestExecutionListener@548a9f61, org.springframework.test.context.transaction.TransactionalTestExecutionListener@1753acfe, org.springframework.test.context.jdbc.SqlScriptsTestExecutionListener@7c16905e]
2019-08-04 17:35:33,221 INFO [org.springframework.beans.factory.xml.XmlBeanDefinitionReader] - Loading XML bean definitions from class path resource [spring-context.xml]
2019-08-04 17:35:33,841 INFO [org.springframework.beans.factory.xml.XmlBeanDefinitionReader] - Loading XML bean definitions from class path resource [spring-context-druid.xml]
2019-08-04 17:35:33,979 INFO [org.springframework.beans.factory.xml.XmlBeanDefinitionReader] - Loading XML bean definitions from class path resource [spring-context-mybatis.xml]
2019-08-04 17:35:34,075 INFO [org.springframework.context.support.GenericApplicationContext] - Refreshing org.springframework.context.support.GenericApplicationContext@490ab905: startup date [Sun Aug 04 17:35:34 CST 2019]; root of context hierarchy
2019-08-04 17:35:36,635 INFO [com.alibaba.druid.pool.DruidDataSource] - {dataSource-1} inited
2019-08-04 17:35:37,652 INFO [org.springframework.context.support.GenericApplicationContext] - Closing org.springframework.context.support.GenericApplicationContext@490ab905: startup date [Sun Aug 04 17:35:34 CST 2019]; root of context hierarchy
2019-08-04 17:35:37,663 INFO [com.alibaba.druid.pool.DruidDataSource] - {dataSource-1} closed
2019-08-04 17:36:49,372 INFO [org.springframework.test.context.support.DefaultTestContextBootstrapper] - Loaded default TestExecutionListener class names from location [META-INF/spring.factories]: [org.springframework.test.context.web.ServletTestExecutionListener, org.springframework.test.context.support.DirtiesContextBeforeModesTestExecutionListener, org.springframework.test.context.support.DependencyInjectionTestExecutionListener, org.springframework.test.context.support.DirtiesContextTestExecutionListener, org.springframework.test.context.transaction.TransactionalTestExecutionListener, org.springframework.test.context.jdbc.SqlScriptsTestExecutionListener]
2019-08-04 17:36:49,426 INFO [org.springframework.test.context.support.DefaultTestContextBootstrapper] - Using TestExecutionListeners: [org.springframework.test.context.web.ServletTestExecutionListener@7dc7cbad, org.springframework.test.context.support.DirtiesContextBeforeModesTestExecutionListener@d2cc05a, org.springframework.test.context.support.DependencyInjectionTestExecutionListener@4f933fd1, org.springframework.test.context.support.DirtiesContextTestExecutionListener@548a9f61, org.springframework.test.context.transaction.TransactionalTestExecutionListener@1753acfe, org.springframework.test.context.jdbc.SqlScriptsTestExecutionListener@7c16905e]
2019-08-04 17:36:49,661 INFO [org.springframework.beans.factory.xml.XmlBeanDefinitionReader] - Loading XML bean definitions from class path resource [spring-context.xml]
2019-08-04 17:36:50,227 INFO [org.springframework.beans.factory.xml.XmlBeanDefinitionReader] - Loading XML bean definitions from class path resource [spring-context-druid.xml]
2019-08-04 17:36:50,357 INFO [org.springframework.beans.factory.xml.XmlBeanDefinitionReader] - Loading XML bean definitions from class path resource [spring-context-mybatis.xml]
2019-08-04 17:36:50,439 INFO [org.springframework.context.support.GenericApplicationContext] - Refreshing org.springframework.context.support.GenericApplicationContext@490ab905: startup date [Sun Aug 04 17:36:50 CST 2019]; root of context hierarchy
2019-08-04 17:36:52,778 INFO [com.alibaba.druid.pool.DruidDataSource] - {dataSource-1} inited
2019-08-04 17:36:53,801 INFO [org.springframework.context.support.GenericApplicationContext] - Closing org.springframework.context.support.GenericApplicationContext@490ab905: startup date [Sun Aug 04 17:36:50 CST 2019]; root of context hierarchy
2019-08-04 17:36:53,810 INFO [com.alibaba.druid.pool.DruidDataSource] - {dataSource-1} closed
2019-08-04 21:30:30,148 INFO [org.springframework.test.context.support.DefaultTestContextBootstrapper] - Loaded default TestExecutionListener class names from location [META-INF/spring.factories]: [org.springframework.test.context.web.ServletTestExecutionListener, org.springframework.test.context.support.DirtiesContextBeforeModesTestExecutionListener, org.springframework.test.context.support.DependencyInjectionTestExecutionListener, org.springframework.test.context.support.DirtiesContextTestExecutionListener, org.springframework.test.context.transaction.TransactionalTestExecutionListener, org.springframework.test.context.jdbc.SqlScriptsTestExecutionListener]
2019-08-04 21:30:30,234 INFO [org.springframework.test.context.support.DefaultTestContextBootstrapper] - Using TestExecutionListeners: [org.springframework.test.context.web.ServletTestExecutionListener@7dc7cbad, org.springframework.test.context.support.DirtiesContextBeforeModesTestExecutionListener@d2cc05a, org.springframework.test.context.support.DependencyInjectionTestExecutionListener@4f933fd1, org.springframework.test.context.support.DirtiesContextTestExecutionListener@548a9f61, org.springframework.test.context.transaction.TransactionalTestExecutionListener@1753acfe, org.springframework.test.context.jdbc.SqlScriptsTestExecutionListener@7c16905e]
2019-08-04 21:42:25,817 INFO [org.springframework.test.context.support.DefaultTestContextBootstrapper] - Loaded default TestExecutionListener class names from location [META-INF/spring.factories]: [org.springframework.test.context.web.ServletTestExecutionListener, org.springframework.test.context.support.DirtiesContextBeforeModesTestExecutionListener, org.springframework.test.context.support.DependencyInjectionTestExecutionListener, org.springframework.test.context.support.DirtiesContextTestExecutionListener, org.springframework.test.context.transaction.TransactionalTestExecutionListener, org.springframework.test.context.jdbc.SqlScriptsTestExecutionListener]
2019-08-04 21:42:25,863 INFO [org.springframework.test.context.support.DefaultTestContextBootstrapper] - Using TestExecutionListeners: [org.springframework.test.context.web.ServletTestExecutionListener@7dc7cbad, org.springframework.test.context.support.DirtiesContextBeforeModesTestExecutionListener@d2cc05a, org.springframework.test.context.support.DependencyInjectionTestExecutionListener@4f933fd1, org.springframework.test.context.support.DirtiesContextTestExecutionListener@548a9f61, org.springframework.test.context.transaction.TransactionalTestExecutionListener@1753acfe, org.springframework.test.context.jdbc.SqlScriptsTestExecutionListener@7c16905e]
2019-08-04 21:42:26,113 INFO [org.springframework.beans.factory.xml.XmlBeanDefinitionReader] - Loading XML bean definitions from class path resource [spring-context.xml]
2019-08-04 21:42:26,676 INFO [org.springframework.beans.factory.xml.XmlBeanDefinitionReader] - Loading XML bean definitions from class path resource [spring-context-druid.xml]
2019-08-04 21:42:26,770 INFO [org.springframework.beans.factory.xml.XmlBeanDefinitionReader] - Loading XML bean definitions from class path resource [spring-context-mybatis.xml]
2019-08-04 21:42:26,816 INFO [org.springframework.context.support.GenericApplicationContext] - Refreshing org.springframework.context.support.GenericApplicationContext@490ab905: startup date [Sun Aug 04 21:42:26 CST 2019]; root of context hierarchy
2019-08-04 21:42:29,207 INFO [com.alibaba.druid.pool.DruidDataSource] - {dataSource-1} inited
2019-08-04 21:42:30,160 INFO [org.springframework.context.support.GenericApplicationContext] - Closing org.springframework.context.support.GenericApplicationContext@490ab905: startup date [Sun Aug 04 21:42:26 CST 2019]; root of context hierarchy
2019-08-04 21:42:30,176 INFO [com.alibaba.druid.pool.DruidDataSource] - {dataSource-1} closed
